<?xml version="1.0" encoding="UTF-8"?>
<testng-results ignored="0" total="3" passed="3" failed="0" skipped="0">
  <reporter-output>
  </reporter-output>
  <suite started-at="2019-01-28T06:30:46Z" name="CarRentalServiceTest" finished-at="2019-01-28T06:30:46Z" duration-ms="96">
    <groups>
    </groups>
    <test started-at="2019-01-28T06:30:46Z" name="Command line test" finished-at="2019-01-28T06:30:46Z" duration-ms="96">
      <class name="CarRentalServiceTest">
        <test-method signature="getCarsWithLowestRentalCost()[pri:0, instance:CarRentalServiceTest@8909f18]" started-at="2019-01-28T06:30:46Z" name="getCarsWithLowestRentalCost" finished-at="2019-01-28T06:30:46Z" duration-ms="63" status="PASS">
          <reporter-output>
          </reporter-output>
        </test-method> <!-- getCarsWithLowestRentalCost -->
        <test-method signature="getHighestRevenueGeneratingCars()[pri:0, instance:CarRentalServiceTest@8909f18]" started-at="2019-01-28T06:30:46Z" name="getHighestRevenueGeneratingCars" finished-at="2019-01-28T06:30:46Z" duration-ms="5" status="PASS">
          <reporter-output>
          </reporter-output>
        </test-method> <!-- getHighestRevenueGeneratingCars -->
        <test-method signature="printsBlueTeslasWithnotes()[pri:0, instance:CarRentalServiceTest@8909f18]" started-at="2019-01-28T06:30:46Z" name="printsBlueTeslasWithnotes" finished-at="2019-01-28T06:30:46Z" duration-ms="3" status="PASS">
          <reporter-output>
          </reporter-output>
        </test-method> <!-- printsBlueTeslasWithnotes -->
      </class> <!-- CarRentalServiceTest -->
    </test> <!-- Command line test -->
  </suite> <!-- CarRentalServiceTest -->
</testng-results>
