<?xml version="1.0" encoding="UTF-8"?>
<!-- Generated by org.testng.reporters.JUnitXMLReporter -->
<testsuite ignored="0" hostname="Rajithas-MBP" failures="0" tests="3" name="Command line test" time="0.096" errors="0" timestamp="28 Jan 2019 06:30:46 GMT">
  <testcase classname="CarRentalServiceTest" name="getCarsWithLowestRentalCost" time="0.063"/>
  <testcase classname="CarRentalServiceTest" name="getHighestRevenueGeneratingCars" time="0.005"/>
  <testcase classname="CarRentalServiceTest" name="printsBlueTeslasWithnotes" time="0.003"/>
</testsuite> <!-- Command line test -->
